<?xml version="1.0" encoding="UTF-8"?>
<testsuite xmlns:xsi="http://www.w3.org/2001/XMLSchema-instance" xsi:noNamespaceSchemaLocation="https://maven.apache.org/surefire/maven-surefire-plugin/xsd/surefire-test-report.xsd" name="com.example.app.Weather" time="32.411" tests="3" errors="3" skipped="0" failures="0">
  <properties>
[...]
</properties>
  <testcase name="openWeather{String, String}[1]" classname="com.example.app.Weather" time="16.686">
    <error message="invalid selector: The result of the xpath expression &quot;//*[@id=&apos;cat-pass&apos;]/p/text()[4]&quot; is: [object Text]. It should be an element.&#10;  (Session info: chrome=80.0.3987.163)&#10;For documentation on this error, please visit: https://www.seleniumhq.org/exceptions/invalid_selector_exception.html&#10;Build info: version: &apos;3.141.59&apos;, revision: &apos;e82be7d358&apos;, time: &apos;2018-11-14T08:17:03&apos;&#10;System info: host: &apos;katamitatsuyanoMacBook-ea.local&apos;, ip: &apos;fe80:0:0:0:818:a4c8:b860:3050%en0&apos;, os.name: &apos;Mac OS X&apos;, os.arch: &apos;x86_64&apos;, os.version: &apos;10.13.6&apos;, java.version: &apos;1.8.0_202&apos;&#10;Driver info: org.openqa.selenium.chrome.ChromeDriver&#10;Capabilities {acceptInsecureCerts: false, browserName: chrome, browserVersion: 80.0.3987.163, chrome: {chromedriverVersion: 80.0.3987.106 (f68069574609..., userDataDir: /var/folders/qc/gvsbvtx57l1...}, goog:chromeOptions: {debuggerAddress: localhost:52512}, javascriptEnabled: true, networkConnectionEnabled: false, pageLoadStrategy: normal, platform: MAC, platformName: MAC, proxy: Proxy(), setWindowRect: true, strictFileInteractability: false, timeouts: {implicit: 0, pageLoad: 300000, script: 30000}, unhandledPromptBehavior: dismiss and notify}&#10;Session ID: ec75ea134f24a772180e893686595b6c&#10;*** Element info: {Using=xpath, value=//*[@id=&apos;cat-pass&apos;]/p/text()[4]}" type="org.openqa.selenium.InvalidSelectorException">org.openqa.selenium.InvalidSelectorException: 
invalid selector: The result of the xpath expression "//*[@id='cat-pass']/p/text()[4]" is: [object Text]. It should be an element.
  (Session info: chrome=80.0.3987.163)
For documentation on this error, please visit: https://www.seleniumhq.org/exceptions/invalid_selector_exception.html
Build info: version: '3.141.59', revision: 'e82be7d358', time: '2018-11-14T08:17:03'
System info: host: 'katamitatsuyanoMacBook-ea.local', ip: 'fe80:0:0:0:818:a4c8:b860:3050%en0', os.name: 'Mac OS X', os.arch: 'x86_64', os.version: '10.13.6', java.version: '1.8.0_202'
Driver info: org.openqa.selenium.chrome.ChromeDriver
Capabilities {acceptInsecureCerts: false, browserName: chrome, browserVersion: 80.0.3987.163, chrome: {chromedriverVersion: 80.0.3987.106 (f68069574609..., userDataDir: /var/folders/qc/gvsbvtx57l1...}, goog:chromeOptions: {debuggerAddress: localhost:52512}, javascriptEnabled: true, networkConnectionEnabled: false, pageLoadStrategy: normal, platform: MAC, platformName: MAC, proxy: Proxy(), setWindowRect: true, strictFileInteractability: false, timeouts: {implicit: 0, pageLoad: 300000, script: 30000}, unhandledPromptBehavior: dismiss and notify}
Session ID: ec75ea134f24a772180e893686595b6c
*** Element info: {Using=xpath, value=//*[@id='cat-pass']/p/text()[4]}
	at com.example.app.Weather.openWeather(Weather.java:38)
</error>
    <system-err><![CDATA[4 09, 2020 9:53:06 午後 com.codeborne.selenide.drivercommands.LazyDriver getAndCheckWebDriver
情報: No webdriver is bound to current thread: 1 - let's create a new webdriver
log4j:WARN No appenders could be found for logger (io.github.bonigarcia.wdm.Preferences).
log4j:WARN Please initialize the log4j system properly.
log4j:WARN See http://logging.apache.org/log4j/1.2/faq.html#noconfig for more info.
Starting ChromeDriver 80.0.3987.106 (f68069574609230cf9b635cd784cfb1bf81bb53a-refs/branch-heads/3987@{#882}) on port 45659
Only local connections are allowed.
Please protect ports used by ChromeDriver and related test frameworks to prevent access by malicious code.
4 09, 2020 9:53:08 午後 org.openqa.selenium.remote.ProtocolHandshake createSession
情報: Detected dialect: W3C
4 09, 2020 9:53:08 午後 com.codeborne.selenide.webdriver.BrowserResizer adjustBrowserSize
情報: Set browser size to 1366x768
4 09, 2020 9:53:09 午後 com.codeborne.selenide.webdriver.WebDriverFactory logBrowserVersion
情報: BrowserName=chrome Version=80.0.3987.163 Platform=MAC
4 09, 2020 9:53:09 午後 com.codeborne.selenide.webdriver.WebDriverFactory createWebDriver
情報: Selenide v. 5.2.2
4 09, 2020 9:53:09 午後 com.codeborne.selenide.webdriver.WebDriverFactory logSeleniumInfo
情報: Selenium WebDriver v. 3.141.59 build time: 2018-11-14T08:17:03
4 09, 2020 9:53:09 午後 com.codeborne.selenide.drivercommands.CreateDriverCommand createDriver
情報: Create webdriver in current thread 1: ChromeDriver -> ChromeDriver: chrome on MAC (ec75ea134f24a772180e893686595b6c)
[1586436791.099][SEVERE]: Timed out receiving message from renderer: 0.100
[1586436791.254][SEVERE]: Timed out receiving message from renderer: 0.100
[1586436791.661][SEVERE]: Timed out receiving message from renderer: 0.100
[1586436791.763][SEVERE]: Timed out receiving message from renderer: 0.100
[1586436791.868][SEVERE]: Timed out receiving message from renderer: 0.100
[1586436791.970][SEVERE]: Timed out receiving message from renderer: 0.100
[1586436792.072][SEVERE]: Timed out receiving message from renderer: 0.100
[1586436792.176][SEVERE]: Timed out receiving message from renderer: 0.100
[1586436792.279][SEVERE]: Timed out receiving message from renderer: 0.100
[1586436792.380][SEVERE]: Timed out receiving message from renderer: 0.100
[1586436793.287][SEVERE]: Timed out receiving message from renderer: 0.100
[1586436793.389][SEVERE]: Timed out receiving message from renderer: 0.100
[1586436793.515][SEVERE]: Timed out receiving message from renderer: 0.100
[1586436793.827][SEVERE]: Timed out receiving message from renderer: 0.100
[1586436793.929][SEVERE]: Timed out receiving message from renderer: 0.100
[1586436794.052][SEVERE]: Timed out receiving message from renderer: 0.100
[1586436794.227][SEVERE]: Timed out receiving message from renderer: 0.100
[1586436794.329][SEVERE]: Timed out receiving message from renderer: 0.100
[1586436794.431][SEVERE]: Timed out receiving message from renderer: 0.100
[1586436794.533][SEVERE]: Timed out receiving message from renderer: 0.100
[1586436794.635][SEVERE]: Timed out receiving message from renderer: 0.100
[1586436794.737][SEVERE]: Timed out receiving message from renderer: 0.100
[1586436795.534][SEVERE]: Timed out receiving message from renderer: 0.100
[1586436795.818][SEVERE]: Timed out receiving message from renderer: 0.100
[1586436796.001][SEVERE]: Timed out receiving message from renderer: 0.100
[1586436796.279][SEVERE]: Timed out receiving message from renderer: 0.100
[1586436796.383][SEVERE]: Timed out receiving message from renderer: 0.100
[1586436796.486][SEVERE]: Timed out receiving message from renderer: 0.100
[1586436796.588][SEVERE]: Timed out receiving message from renderer: 0.100
[1586436796.691][SEVERE]: Timed out receiving message from renderer: 0.100
[1586436796.794][SEVERE]: Timed out receiving message from renderer: 0.100
[1586436796.896][SEVERE]: Timed out receiving message from renderer: 0.100
[1586436796.999][SEVERE]: Timed out receiving message from renderer: 0.100
[1586436797.103][SEVERE]: Timed out receiving message from renderer: 0.100
[1586436797.207][SEVERE]: Timed out receiving message from renderer: 0.100
[1586436797.311][SEVERE]: Timed out receiving message from renderer: 0.100
[1586436797.413][SEVERE]: Timed out receiving message from renderer: 0.100
[1586436797.516][SEVERE]: Timed out receiving message from renderer: 0.100
[1586436797.620][SEVERE]: Timed out receiving message from renderer: 0.100
[1586436797.724][SEVERE]: Timed out receiving message from renderer: 0.100
[1586436797.827][SEVERE]: Timed out receiving message from renderer: 0.100
[1586436797.930][SEVERE]: Timed out receiving message from renderer: 0.100
[1586436798.034][SEVERE]: Timed out receiving message from renderer: 0.100
[1586436798.136][SEVERE]: Timed out receiving message from renderer: 0.100
[1586436798.238][SEVERE]: Timed out receiving message from renderer: 0.100
[1586436798.341][SEVERE]: Timed out receiving message from renderer: 0.100
[1586436799.292][SEVERE]: Timed out receiving message from renderer: 0.100
[1586436799.395][SEVERE]: Timed out receiving message from renderer: 0.100
]]></system-err>
  </testcase>
  <testcase name="openWeather{String, String}[2]" classname="com.example.app.Weather" time="8.915">
    <error message="invalid selector: The result of the xpath expression &quot;//*[@id=&apos;cat-pass&apos;]/p/text()[4]&quot; is: [object Text]. It should be an element.&#10;  (Session info: chrome=80.0.3987.163)&#10;For documentation on this error, please visit: https://www.seleniumhq.org/exceptions/invalid_selector_exception.html&#10;Build info: version: &apos;3.141.59&apos;, revision: &apos;e82be7d358&apos;, time: &apos;2018-11-14T08:17:03&apos;&#10;System info: host: &apos;katamitatsuyanoMacBook-ea.local&apos;, ip: &apos;fe80:0:0:0:818:a4c8:b860:3050%en0&apos;, os.name: &apos;Mac OS X&apos;, os.arch: &apos;x86_64&apos;, os.version: &apos;10.13.6&apos;, java.version: &apos;1.8.0_202&apos;&#10;Driver info: org.openqa.selenium.chrome.ChromeDriver&#10;Capabilities {acceptInsecureCerts: false, browserName: chrome, browserVersion: 80.0.3987.163, chrome: {chromedriverVersion: 80.0.3987.106 (f68069574609..., userDataDir: /var/folders/qc/gvsbvtx57l1...}, goog:chromeOptions: {debuggerAddress: localhost:52512}, javascriptEnabled: true, networkConnectionEnabled: false, pageLoadStrategy: normal, platform: MAC, platformName: MAC, proxy: Proxy(), setWindowRect: true, strictFileInteractability: false, timeouts: {implicit: 0, pageLoad: 300000, script: 30000}, unhandledPromptBehavior: dismiss and notify}&#10;Session ID: ec75ea134f24a772180e893686595b6c&#10;*** Element info: {Using=xpath, value=//*[@id=&apos;cat-pass&apos;]/p/text()[4]}" type="org.openqa.selenium.InvalidSelectorException">org.openqa.selenium.InvalidSelectorException: 
invalid selector: The result of the xpath expression "//*[@id='cat-pass']/p/text()[4]" is: [object Text]. It should be an element.
  (Session info: chrome=80.0.3987.163)
For documentation on this error, please visit: https://www.seleniumhq.org/exceptions/invalid_selector_exception.html
Build info: version: '3.141.59', revision: 'e82be7d358', time: '2018-11-14T08:17:03'
System info: host: 'katamitatsuyanoMacBook-ea.local', ip: 'fe80:0:0:0:818:a4c8:b860:3050%en0', os.name: 'Mac OS X', os.arch: 'x86_64', os.version: '10.13.6', java.version: '1.8.0_202'
Driver info: org.openqa.selenium.chrome.ChromeDriver
Capabilities {acceptInsecureCerts: false, browserName: chrome, browserVersion: 80.0.3987.163, chrome: {chromedriverVersion: 80.0.3987.106 (f68069574609..., userDataDir: /var/folders/qc/gvsbvtx57l1...}, goog:chromeOptions: {debuggerAddress: localhost:52512}, javascriptEnabled: true, networkConnectionEnabled: false, pageLoadStrategy: normal, platform: MAC, platformName: MAC, proxy: Proxy(), setWindowRect: true, strictFileInteractability: false, timeouts: {implicit: 0, pageLoad: 300000, script: 30000}, unhandledPromptBehavior: dismiss and notify}
Session ID: ec75ea134f24a772180e893686595b6c
*** Element info: {Using=xpath, value=//*[@id='cat-pass']/p/text()[4]}
	at com.example.app.Weather.openWeather(Weather.java:38)
</error>
    <system-err><![CDATA[[1586436803.540][SEVERE]: Timed out receiving message from renderer: 0.100
[1586436803.671][SEVERE]: Timed out receiving message from renderer: 0.100
[1586436804.032][SEVERE]: Timed out receiving message from renderer: 0.100
[1586436804.134][SEVERE]: Timed out receiving message from renderer: 0.100
[1586436804.242][SEVERE]: Timed out receiving message from renderer: 0.100
[1586436804.344][SEVERE]: Timed out receiving message from renderer: 0.100
[1586436804.447][SEVERE]: Timed out receiving message from renderer: 0.100
[1586436804.551][SEVERE]: Timed out receiving message from renderer: 0.100
[1586436804.654][SEVERE]: Timed out receiving message from renderer: 0.100
[1586436804.758][SEVERE]: Timed out receiving message from renderer: 0.100
[1586436804.860][SEVERE]: Timed out receiving message from renderer: 0.100
[1586436804.965][SEVERE]: Timed out receiving message from renderer: 0.100
[1586436805.071][SEVERE]: Timed out receiving message from renderer: 0.100
[1586436805.175][SEVERE]: Timed out receiving message from renderer: 0.100
[1586436805.278][SEVERE]: Timed out receiving message from renderer: 0.100
[1586436805.380][SEVERE]: Timed out receiving message from renderer: 0.100
[1586436805.484][SEVERE]: Timed out receiving message from renderer: 0.100
[1586436805.586][SEVERE]: Timed out receiving message from renderer: 0.100
[1586436805.689][SEVERE]: Timed out receiving message from renderer: 0.100
[1586436805.791][SEVERE]: Timed out receiving message from renderer: 0.100
[1586436805.893][SEVERE]: Timed out receiving message from renderer: 0.100
[1586436806.476][SEVERE]: Timed out receiving message from renderer: 0.100
[1586436806.580][SEVERE]: Timed out receiving message from renderer: 0.100
[1586436806.725][SEVERE]: Timed out receiving message from renderer: 0.100
[1586436806.827][SEVERE]: Timed out receiving message from renderer: 0.100
[1586436806.929][SEVERE]: Timed out receiving message from renderer: 0.100
[1586436807.039][SEVERE]: Timed out receiving message from renderer: 0.100
[1586436807.154][SEVERE]: Timed out receiving message from renderer: 0.100
[1586436807.255][SEVERE]: Timed out receiving message from renderer: 0.100
[1586436807.357][SEVERE]: Timed out receiving message from renderer: 0.100
[1586436807.460][SEVERE]: Timed out receiving message from renderer: 0.100
[1586436807.777][SEVERE]: Timed out receiving message from renderer: 0.100
[1586436808.443][SEVERE]: Timed out receiving message from renderer: 0.100
[1586436808.608][SEVERE]: Timed out receiving message from renderer: 0.100
[1586436811.479][SEVERE]: Timed out receiving message from renderer: 0.100
]]></system-err>
  </testcase>
  <testcase name="openWeather{String, String}[3]" classname="com.example.app.Weather" time="6.706">
    <error message="invalid selector: The result of the xpath expression &quot;//*[@id=&apos;cat-pass&apos;]/p/text()[4]&quot; is: [object Text]. It should be an element.&#10;  (Session info: chrome=80.0.3987.163)&#10;For documentation on this error, please visit: https://www.seleniumhq.org/exceptions/invalid_selector_exception.html&#10;Build info: version: &apos;3.141.59&apos;, revision: &apos;e82be7d358&apos;, time: &apos;2018-11-14T08:17:03&apos;&#10;System info: host: &apos;katamitatsuyanoMacBook-ea.local&apos;, ip: &apos;fe80:0:0:0:818:a4c8:b860:3050%en0&apos;, os.name: &apos;Mac OS X&apos;, os.arch: &apos;x86_64&apos;, os.version: &apos;10.13.6&apos;, java.version: &apos;1.8.0_202&apos;&#10;Driver info: org.openqa.selenium.chrome.ChromeDriver&#10;Capabilities {acceptInsecureCerts: false, browserName: chrome, browserVersion: 80.0.3987.163, chrome: {chromedriverVersion: 80.0.3987.106 (f68069574609..., userDataDir: /var/folders/qc/gvsbvtx57l1...}, goog:chromeOptions: {debuggerAddress: localhost:52512}, javascriptEnabled: true, networkConnectionEnabled: false, pageLoadStrategy: normal, platform: MAC, platformName: MAC, proxy: Proxy(), setWindowRect: true, strictFileInteractability: false, timeouts: {implicit: 0, pageLoad: 300000, script: 30000}, unhandledPromptBehavior: dismiss and notify}&#10;Session ID: ec75ea134f24a772180e893686595b6c&#10;*** Element info: {Using=xpath, value=//*[@id=&apos;cat-pass&apos;]/p/text()[4]}" type="org.openqa.selenium.InvalidSelectorException">org.openqa.selenium.InvalidSelectorException: 
invalid selector: The result of the xpath expression "//*[@id='cat-pass']/p/text()[4]" is: [object Text]. It should be an element.
  (Session info: chrome=80.0.3987.163)
For documentation on this error, please visit: https://www.seleniumhq.org/exceptions/invalid_selector_exception.html
Build info: version: '3.141.59', revision: 'e82be7d358', time: '2018-11-14T08:17:03'
System info: host: 'katamitatsuyanoMacBook-ea.local', ip: 'fe80:0:0:0:818:a4c8:b860:3050%en0', os.name: 'Mac OS X', os.arch: 'x86_64', os.version: '10.13.6', java.version: '1.8.0_202'
Driver info: org.openqa.selenium.chrome.ChromeDriver
Capabilities {acceptInsecureCerts: false, browserName: chrome, browserVersion: 80.0.3987.163, chrome: {chromedriverVersion: 80.0.3987.106 (f68069574609..., userDataDir: /var/folders/qc/gvsbvtx57l1...}, goog:chromeOptions: {debuggerAddress: localhost:52512}, javascriptEnabled: true, networkConnectionEnabled: false, pageLoadStrategy: normal, platform: MAC, platformName: MAC, proxy: Proxy(), setWindowRect: true, strictFileInteractability: false, timeouts: {implicit: 0, pageLoad: 300000, script: 30000}, unhandledPromptBehavior: dismiss and notify}
Session ID: ec75ea134f24a772180e893686595b6c
*** Element info: {Using=xpath, value=//*[@id='cat-pass']/p/text()[4]}
	at com.example.app.Weather.openWeather(Weather.java:38)
</error>
    <system-err><![CDATA[[1586436812.279][SEVERE]: Timed out receiving message from renderer: 0.100
[1586436813.041][SEVERE]: Timed out receiving message from renderer: 0.100
[1586436813.144][SEVERE]: Timed out receiving message from renderer: 0.100
[1586436813.246][SEVERE]: Timed out receiving message from renderer: 0.100
[1586436813.347][SEVERE]: Timed out receiving message from renderer: 0.100
[1586436814.427][SEVERE]: Timed out receiving message from renderer: 0.100
[1586436814.579][SEVERE]: Timed out receiving message from renderer: 0.100
[1586436817.020][SEVERE]: Timed out receiving message from renderer: 0.100
[1586436818.315][SEVERE]: Timed out receiving message from renderer: 0.100
]]></system-err>
  </testcase>
</testsuite>